<?xml version="1.0" encoding="utf-8"?><testsuites><testsuite name="pytest" errors="0" failures="0" skipped="1" tests="6" time="0.077" timestamp="2023-08-24T12:57:56.173689" hostname="DSK-STI-DGGTIC-2021007692"><testcase classname="tests.test_bytebank.TestClass" name="test_quando_idade_recebe_13_03_2000_deve_retornar_22" time="0.001" /><testcase classname="tests.test_bytebank.TestClass" name="test_quando_sobrenome_recebe_Lucas_Carvalho_deve_retornar_Carvalho" time="0.001" /><testcase classname="tests.test_bytebank.TestClass" name="test_quando_decrescimo_salario_recebe_100000_deve_retornar_90000" time="0.001"><skipped type="pytest.skip" message="Não quero executar isso agora">/home/cesarcalafrioli/PYTHON_DEVELOPMENT/2622-python-tdd-57de629597dabe71ad125067e9dbedde5babe577/tests/test_bytebank.py:31: Não quero executar isso agora</skipped></testcase><testcase classname="tests.test_bytebank.TestClass" name="test_quando_calcular_bonus_recebe_1000_deve_retornar_100" time="0.002" /><testcase classname="tests.test_bytebank.TestClass" name="test_quando_calcular_bonus_recebe_1000000_deve_retornar_exception" time="0.001" /><testcase classname="tests.test_bytebank.TestClass" name="test_retorno_str" time="0.001" /></testsuite></testsuites>